MPBoot version 1.1.0 for Mac OS X 64-bit built Mar 23 2018
Copyright (c) 2016 Diep Thi Hoang, Le Sy Vinh, Tomas Flouri, Alexandros Stamatakis, Arndt von Haeseler and Bui Quang Minh.

WARNING: Your CPU supports AVX but you are using SSE3 version of MPBoot!
WARNING: Please switch to AVX version that is 40% faster than SSE3.

Host:    I-am-a-Teapot.local (AVX2, FMA3, 8 GB RAM)
Command: mpboot -s datasets/1000M1/R00/rose.aln.true.phy
Seed:    708907 (Using SPRNG - Scalable Parallel Random Number Generator)
Time:    Sat Sep 19 23:48:49 2020
Kernel:  SSE3

Reading alignment file datasets/1000M1/R00/rose.aln.true.phy ... Phylip format detected
Alignment most likely contains DNA/RNA sequences
Alignment has 1000 sequences with 3880 columns and 2807 patterns
ID   Sequence #Gap/Ambiguity
1    SHBJ   2858 (73.660%) !!!	4
2    SEHB   2858 (73.660%) !!!	4
3    SIJE   2864 (73.814%) !!!	4
4    SICF   2866 (73.866%) !!!	4
5    SJEG   2866 (73.866%) !!!	4
6    SHDE   2866 (73.866%) !!!	4
7    SJAJ   2868 (73.918%) !!!	4
8    SIBG   2868 (73.918%) !!!	4
9    SEII   2869 (73.943%) !!!	4
10   SBBG   2869 (73.943%) !!!	4
11   SGIE   2868 (73.918%) !!!	4
12   SHAI   2868 (73.918%) !!!	4
13   SIAB   2868 (73.918%) !!!	4
14   SHCJ   2868 (73.918%) !!!	4
15   SHCE   2868 (73.918%) !!!	4
16   SFAJ   2868 (73.918%) !!!	4
17   SEEH   2864 (73.814%) !!!	4
18   SHFD   2868 (73.918%) !!!	4
19   SCCA   2868 (73.918%) !!!	4
20   SGHD   2874 (74.072%) !!!	4
21   SHGF   2867 (73.892%) !!!	4
22   SCJ    2867 (73.892%) !!!	4
23   SCAH   2868 (73.918%) !!!	4
24   SDFI   2866 (73.866%) !!!	4
25   SCIE   2866 (73.866%) !!!	4
26   SBGG   2868 (73.918%) !!!	4
27   SDAI   2871 (73.995%) !!!	4
28   SBFJ   2874 (74.072%) !!!	4
29   SEBG   2872 (74.021%) !!!	4
30   SEFA   2872 (74.021%) !!!	4
31   SIBH   2872 (74.021%) !!!	4
32   SBDE   2872 (74.021%) !!!	4
33   SBEB   2873 (74.046%) !!!	4
34   SCFB   2873 (74.046%) !!!	4
35   SCIH   2859 (73.686%) !!!	4
36   SBI    2859 (73.686%) !!!	4
37   SDIF   2859 (73.686%) !!!	4
38   SGGC   2873 (74.046%) !!!	4
39   SDAA   2876 (74.124%) !!!	4
40   SHAD   2850 (73.454%) !!!	4
41   SDIC   2860 (73.711%) !!!	4
42   SDEA   2859 (73.686%) !!!	4
43   SCEG   2859 (73.686%) !!!	4
44   SEDB   2855 (73.582%) !!!	4
45   SGDC   2860 (73.711%) !!!	4
46   SJFC   2860 (73.711%) !!!	4
47   SDGD   2860 (73.711%) !!!	4
48   SGJA   2866 (73.866%) !!!	4
49   SJBJ   2863 (73.789%) !!!	4
50   SDJC   2863 (73.789%) !!!	4
51   SCBE   2865 (73.840%) !!!	4
52   SBFE   2870 (73.969%) !!!	4
53   SHDC   2870 (73.969%) !!!	4
54   SCGG   2871 (73.995%) !!!	4
55   SDFF   2862 (73.763%) !!!	4
56   SDIB   2861 (73.737%) !!!	4
57   SBGH   2861 (73.737%) !!!	4
58   SCCC   2869 (73.943%) !!!	4
59   SDJF   2869 (73.943%) !!!	4
60   SHEA   2866 (73.866%) !!!	4
61   SCCB   2866 (73.866%) !!!	4
62   SBDD   2873 (74.046%) !!!	4
63   SHBB   2873 (74.046%) !!!	4
64   SIJD   2872 (74.021%) !!!	4
65   SGEB   2872 (74.021%) !!!	4
66   SEEC   2874 (74.072%) !!!	4
67   SIEJ   2874 (74.072%) !!!	4
68   SCIF   2877 (74.149%) !!!	4
69   SBFA   2875 (74.098%) !!!	4
70   SBHB   2874 (74.072%) !!!	4
71   SFBE   2875 (74.098%) !!!	4
72   SCBF   2874 (74.072%) !!!	4
73   SCHD   2873 (74.046%) !!!	4
74   SFIC   2873 (74.046%) !!!	4
75   SDCD   2865 (73.840%) !!!	4
76   SJIB   2868 (73.918%) !!!	4
77   SHFJ   2868 (73.918%) !!!	4
78   SFDJ   2874 (74.072%) !!!	4
79   SBEI   2868 (73.918%) !!!	4
80   SDEH   2873 (74.046%) !!!	4
81   SFBF   2873 (74.046%) !!!	4
82   SGGA   2873 (74.046%) !!!	4
83   SFEJ   2870 (73.969%) !!!	4
84   SBAH   2873 (74.046%) !!!	4
85   SDBH   2872 (74.021%) !!!	4
86   SFDD   2875 (74.098%) !!!	4
87   SEI    2875 (74.098%) !!!	4
88   SCJG   2875 (74.098%) !!!	4
89   SGDH   2875 (74.098%) !!!	4
90   SFEF   2874 (74.072%) !!!	4
91   SGEG   2874 (74.072%) !!!	4
92   SJHI   2874 (74.072%) !!!	4
93   SCGI   2874 (74.072%) !!!	4
94   SFII   2873 (74.046%) !!!	4
95   SJHH   2873 (74.046%) !!!	4
96   SFDB   2875 (74.098%) !!!	4
97   SBIC   2876 (74.124%) !!!	4
98   SIEG   2875 (74.098%) !!!	4
99   SIBA   2874 (74.072%) !!!	4
100  SJAH   2869 (73.943%) !!!	4
101  SEDF   2872 (74.021%) !!!	4
102  SBDB   2872 (74.021%) !!!	4
103  SGGI   2872 (74.021%) !!!	4
104  SCDJ   2872 (74.021%) !!!	4
105  SFGH   2872 (74.021%) !!!	4
106  SDIE   2854 (73.557%) !!!	4
107  SGBA   2849 (73.428%) !!!	4
108  SGEJ   2873 (74.046%) !!!	4
109  SDAB   2873 (74.046%) !!!	4
110  SIAI   2876 (74.124%) !!!	4
111  SIDE   2871 (73.995%) !!!	4
112  SCB    2865 (73.840%) !!!	4
113  SHDD   2873 (74.046%) !!!	4
114  SFGG   2873 (74.046%) !!!	4
115  SBG    2872 (74.021%) !!!	4
116  SFIA   2872 (74.021%) !!!	4
117  SIEC   2872 (74.021%) !!!	4
118  SHFI   2872 (74.021%) !!!	4
119  SDIJ   2872 (74.021%) !!!	4
120  SBJH   2866 (73.866%) !!!	4
121  SEIG   2877 (74.149%) !!!	4
122  SEFC   2864 (73.814%) !!!	4
123  SIHD   2875 (74.098%) !!!	4
124  SBHG   2878 (74.175%) !!!	4
125  SIFA   2878 (74.175%) !!!	4
126  SDGB   2866 (73.866%) !!!	4
127  SBFD   2866 (73.866%) !!!	4
128  SIHJ   2875 (74.098%) !!!	4
129  SGIB   2870 (73.969%) !!!	4
130  SJ     2865 (73.840%) !!!	4
131  SICJ   2867 (73.892%) !!!	4
132  SCFD   2862 (73.763%) !!!	4
133  SGGH   2872 (74.021%) !!!	4
134  SBFB   2873 (74.046%) !!!	4
135  SJDA   2873 (74.046%) !!!	4
136  SDJ    2873 (74.046%) !!!	4
137  SCGB   2867 (73.892%) !!!	4
138  SIGE   2868 (73.918%) !!!	4
139  SDAH   2868 (73.918%) !!!	4
140  SFFD   2878 (74.175%) !!!	4
141  SFEA   2873 (74.046%) !!!	4
142  SCH    2873 (74.046%) !!!	4
143  SHC    2874 (74.072%) !!!	4
144  SGC    2874 (74.072%) !!!	4
145  SBDF   2870 (73.969%) !!!	4
146  SEIC   2873 (74.046%) !!!	4
147  SJBG   2869 (73.943%) !!!	4
148  SGGB   2869 (73.943%) !!!	4
149  SJGE   2876 (74.124%) !!!	4
150  SIAA   2867 (73.892%) !!!	4
151  SJID   2870 (73.969%) !!!	4
152  SGEI   2877 (74.149%) !!!	4
153  SDEF   2876 (74.124%) !!!	4
154  SCFC   2876 (74.124%) !!!	4
155  SCCF   2875 (74.098%) !!!	4
156  SCDE   2875 (74.098%) !!!	4
157  SHGA   2873 (74.046%) !!!	4
158  SCBA   2873 (74.046%) !!!	4
159  SGAC   2871 (73.995%) !!!	4
160  SHEB   2872 (74.021%) !!!	4
161  SDDH   2872 (74.021%) !!!	4
162  SCFE   2872 (74.021%) !!!	4
163  SCJD   2871 (73.995%) !!!	4
164  SEJE   2872 (74.021%) !!!	4
165  SIGA   2841 (73.222%) !!!	4
166  SGFA   2842 (73.247%) !!!	4
167  SEIF   2841 (73.222%) !!!	4
168  SIGB   2827 (72.861%) !!!	4
169  SEBJ   2857 (73.634%) !!!	4
170  SBEE   2868 (73.918%) !!!	4
171  SBHF   2869 (73.943%) !!!	4
172  SFDC   2864 (73.814%) !!!	4
173  SJIH   2866 (73.866%) !!!	4
174  SIDC   2870 (73.969%) !!!	4
175  SHCD   2870 (73.969%) !!!	4
176  SJBC   2870 (73.969%) !!!	4
177  SHJ    2859 (73.686%) !!!	4
178  SFFH   2859 (73.686%) !!!	4
179  SG     2871 (73.995%) !!!	4
180  SGF    2870 (73.969%) !!!	4
181  SIHH   2870 (73.969%) !!!	4
182  SBHD   2874 (74.072%) !!!	4
183  SFED   2874 (74.072%) !!!	4
184  SIDD   2871 (73.995%) !!!	4
185  SGJG   2861 (73.737%) !!!	4
186  SBHE   2863 (73.789%) !!!	4
187  SJIG   2866 (73.866%) !!!	4
188  SICA   2863 (73.789%) !!!	4
189  SIIF   2863 (73.789%) !!!	4
190  SJH    2863 (73.789%) !!!	4
191  SIJG   2863 (73.789%) !!!	4
192  SHGE   2863 (73.789%) !!!	4
193  SGEF   2867 (73.892%) !!!	4
194  SBCE   2860 (73.711%) !!!	4
195  SGFH   2856 (73.608%) !!!	4
196  SHEE   2842 (73.247%) !!!	4
197  SDGG   2861 (73.737%) !!!	4
198  SJAA   2862 (73.763%) !!!	4
199  SCHA   2851 (73.479%) !!!	4
200  SDGC   2852 (73.505%) !!!	4
201  SFCF   2853 (73.531%) !!!	4
202  SCD    2850 (73.454%) !!!	4
203  SDHG   2850 (73.454%) !!!	4
204  SIFJ   2846 (73.351%) !!!	4
205  SGHH   2850 (73.454%) !!!	4
206  SCHI   2862 (73.763%) !!!	4
207  SGCF   2862 (73.763%) !!!	4
208  SFBJ   2862 (73.763%) !!!	4
209  SGIA   2862 (73.763%) !!!	4
210  SHAC   2857 (73.634%) !!!	4
211  SHHG   2869 (73.943%) !!!	4
212  SCAD   2866 (73.866%) !!!	4
213  SEJH   2866 (73.866%) !!!	4
214  SEFH   2867 (73.892%) !!!	4
215  SHHI   2866 (73.866%) !!!	4
216  SHII   2864 (73.814%) !!!	4
217  SCA    2862 (73.763%) !!!	4
218  SIAE   2862 (73.763%) !!!	4
219  SGI    2872 (74.021%) !!!	4
220  SBD    2868 (73.918%) !!!	4
221  SIH    2866 (73.866%) !!!	4
222  SDCE   2866 (73.866%) !!!	4
223  SFDG   2866 (73.866%) !!!	4
224  SFEC   2861 (73.737%) !!!	4
225  SEAG   2863 (73.789%) !!!	4
226  SJFF   2862 (73.763%) !!!	4
227  SIIG   2862 (73.763%) !!!	4
228  SGED   2866 (73.866%) !!!	4
229  SIAC   2868 (73.918%) !!!	4
230  SFBH   2868 (73.918%) !!!	4
231  SFDE   2865 (73.840%) !!!	4
232  SFA    2865 (73.840%) !!!	4
233  SGAD   2865 (73.840%) !!!	4
234  SIGG   2865 (73.840%) !!!	4
235  SFFF   2865 (73.840%) !!!	4
236  SEDJ   2866 (73.866%) !!!	4
237  SCEC   2859 (73.686%) !!!	4
238  SIDI   2861 (73.737%) !!!	4
239  SHBF   2870 (73.969%) !!!	4
240  SJCB   2861 (73.737%) !!!	4
241  SEAB   2861 (73.737%) !!!	4
242  SJBE   2847 (73.376%) !!!	4
243  SIJC   2863 (73.789%) !!!	4
244  SJEA   2862 (73.763%) !!!	4
245  SGJJ   2863 (73.789%) !!!	4
246  SGAE   2854 (73.557%) !!!	4
247  SGCB   2843 (73.273%) !!!	4
248  SBCF   2843 (73.273%) !!!	4
249  SCED   2838 (73.144%) !!!	4
250  SDHE   2838 (73.144%) !!!	4
251  SGDA   2848 (73.402%) !!!	4
252  SHHF   2858 (73.660%) !!!	4
253  SJIJ   2863 (73.789%) !!!	4
254  SCFG   2863 (73.789%) !!!	4
255  SEEG   2865 (73.840%) !!!	4
256  SGCG   2844 (73.299%) !!!	4
257  SBFF   2850 (73.454%) !!!	4
258  SFCG   2850 (73.454%) !!!	4
259  SDHB   2850 (73.454%) !!!	4
260  SCEF   2872 (74.021%) !!!	4
261  SJDJ   2861 (73.737%) !!!	4
262  SHAE   2850 (73.454%) !!!	4
263  SBBI   2850 (73.454%) !!!	4
264  SJFI   2867 (73.892%) !!!	4
265  SCAA   2863 (73.789%) !!!	4
266  SFAD   2862 (73.763%) !!!	4
267  SBBE   2856 (73.608%) !!!	4
268  SDBJ   2850 (73.454%) !!!	4
269  SGFI   2853 (73.531%) !!!	4
270  SHBE   2867 (73.892%) !!!	4
271  SEJ    2859 (73.686%) !!!	4
272  SJGI   2864 (73.814%) !!!	4
273  SBJB   2864 (73.814%) !!!	4
274  SBBC   2856 (73.608%) !!!	4
275  SFID   2864 (73.814%) !!!	4
276  SJAF   2863 (73.789%) !!!	4
277  SCDI   2863 (73.789%) !!!	4
278  SFF    2863 (73.789%) !!!	4
279  SDDI   2863 (73.789%) !!!	4
280  SJEB   2863 (73.789%) !!!	4
281  SJJB   2862 (73.763%) !!!	4
282  SDFA   2868 (73.918%) !!!	4
283  SHDB   2868 (73.918%) !!!	4
284  SGAB   2863 (73.789%) !!!	4
285  SEJD   2867 (73.892%) !!!	4
286  SFI    2871 (73.995%) !!!	4
287  SEIH   2873 (74.046%) !!!	4
288  SJDB   2873 (74.046%) !!!	4
289  SFGA   2875 (74.098%) !!!	4
290  SDJJ   2873 (74.046%) !!!	4
291  SGBJ   2869 (73.943%) !!!	4
292  SJEH   2869 (73.943%) !!!	4
293  SHGI   2869 (73.943%) !!!	4
294  SGHJ   2869 (73.943%) !!!	4
295  SICH   2877 (74.149%) !!!	4
296  SDGA   2875 (74.098%) !!!	4
297  SGGG   2875 (74.098%) !!!	4
298  SDBF   2875 (74.098%) !!!	4
299  SDCJ   2871 (73.995%) !!!	4
300  SDBB   2872 (74.021%) !!!	4
301  SHAB   2872 (74.021%) !!!	4
302  SGJF   2875 (74.098%) !!!	4
303  SFG    2872 (74.021%) !!!	4
304  SBCB   2875 (74.098%) !!!	4
305  SDBI   2876 (74.124%) !!!	4
306  SHJC   2874 (74.072%) !!!	4
307  SFIF   2875 (74.098%) !!!	4
308  SDIH   2879 (74.201%) !!!	4
309  SGDJ   2875 (74.098%) !!!	4
310  SIIC   2864 (73.814%) !!!	4
311  SHFE   2864 (73.814%) !!!	4
312  SDFG   2872 (74.021%) !!!	4
313  SFIH   2851 (73.479%) !!!	4
314  SJEF   2860 (73.711%) !!!	4
315  SFGB   2866 (73.866%) !!!	4
316  SIAH   2867 (73.892%) !!!	4
317  SDDC   2867 (73.892%) !!!	4
318  SDAC   2859 (73.686%) !!!	4
319  SDDE   2860 (73.711%) !!!	4
320  SFJI   2863 (73.789%) !!!	4
321  SEJA   2868 (73.918%) !!!	4
322  SDID   2868 (73.918%) !!!	4
323  SEHF   2867 (73.892%) !!!	4
324  SCJJ   2868 (73.918%) !!!	4
325  SBIE   2867 (73.892%) !!!	4
326  SBC    2870 (73.969%) !!!	4
327  SFJ    2866 (73.866%) !!!	4
328  SEFJ   2866 (73.866%) !!!	4
329  SJCD   2865 (73.840%) !!!	4
330  SDCI   2865 (73.840%) !!!	4
331  SFE    2864 (73.814%) !!!	4
332  SEEB   2867 (73.892%) !!!	4
333  SJE    2869 (73.943%) !!!	4
334  SDJI   2863 (73.789%) !!!	4
335  SEAH   2863 (73.789%) !!!	4
336  SJEC   2863 (73.789%) !!!	4
337  SDEE   2869 (73.943%) !!!	4
338  SHJG   2874 (74.072%) !!!	4
339  SCGJ   2872 (74.021%) !!!	4
340  SEC    2874 (74.072%) !!!	4
341  SGBB   2867 (73.892%) !!!	4
342  SHBI   2873 (74.046%) !!!	4
343  SCFF   2873 (74.046%) !!!	4
344  SJJF   2873 (74.046%) !!!	4
345  SEJG   2873 (74.046%) !!!	4
346  SGFC   2874 (74.072%) !!!	4
347  SHF    2874 (74.072%) !!!	4
348  SBGF   2876 (74.124%) !!!	4
349  SFDH   2862 (73.763%) !!!	4
350  SDJD   2874 (74.072%) !!!	4
351  SCAB   2875 (74.098%) !!!	4
352  SGBD   2874 (74.072%) !!!	4
353  SHIH   2866 (73.866%) !!!	4
354  SD     2866 (73.866%) !!!	4
355  SDHH   2873 (74.046%) !!!	4
356  SGHC   2875 (74.098%) !!!	4
357  SIHG   2874 (74.072%) !!!	4
358  SIDB   2874 (74.072%) !!!	4
359  SEFG   2870 (73.969%) !!!	4
360  SGCH   2859 (73.686%) !!!	4
361  SHHJ   2871 (73.995%) !!!	4
362  SBHA   2875 (74.098%) !!!	4
363  SHFF   2875 (74.098%) !!!	4
364  SJBH   2875 (74.098%) !!!	4
365  SEAD   2877 (74.149%) !!!	4
366  SDCA   2875 (74.098%) !!!	4
367  SIHI   2869 (73.943%) !!!	4
368  SJJH   2869 (73.943%) !!!	4
369  SHJA   2869 (73.943%) !!!	4
370  SHEF   2870 (73.969%) !!!	4
371  SBBJ   2869 (73.943%) !!!	4
372  SBIJ   2869 (73.943%) !!!	4
373  SBAJ   2869 (73.943%) !!!	4
374  SCEA   2869 (73.943%) !!!	4
375  SGDB   2869 (73.943%) !!!	4
376  SDDD   2869 (73.943%) !!!	4
377  SCCH   2869 (73.943%) !!!	4
378  SHCI   2867 (73.892%) !!!	4
379  SFFJ   2868 (73.918%) !!!	4
380  SCBD   2868 (73.918%) !!!	4
381  SJAC   2873 (74.046%) !!!	4
382  SII    2873 (74.046%) !!!	4
383  SGBC   2879 (74.201%) !!!	4
384  SJCF   2873 (74.046%) !!!	4
385  SCIA   2873 (74.046%) !!!	4
386  SEDG   2873 (74.046%) !!!	4
387  SEFI   2872 (74.021%) !!!	4
388  SJCC   2873 (74.046%) !!!	4
389  SHJH   2877 (74.149%) !!!	4
390  SFGD   2877 (74.149%) !!!	4
391  SFAF   2877 (74.149%) !!!	4
392  SCGH   2875 (74.098%) !!!	4
393  SIDF   2874 (74.072%) !!!	4
394  SIBJ   2875 (74.098%) !!!	4
395  SBGB   2874 (74.072%) !!!	4
396  SIEF   2875 (74.098%) !!!	4
397  SGCD   2875 (74.098%) !!!	4
398  SB     2848 (73.402%) !!!	4
399  SEEA   2862 (73.763%) !!!	4
400  SFJE   2872 (74.021%) !!!	4
401  SEBE   2873 (74.046%) !!!	4
402  SDEB   2857 (73.634%) !!!	4
403  SDF    2859 (73.686%) !!!	4
404  SIFE   2874 (74.072%) !!!	4
405  SCIB   2874 (74.072%) !!!	4
406  SJFD   2867 (73.892%) !!!	4
407  SCDC   2868 (73.918%) !!!	4
408  SGBE   2868 (73.918%) !!!	4
409  SIID   2866 (73.866%) !!!	4
410  SFFI   2871 (73.995%) !!!	4
411  SJD    2867 (73.892%) !!!	4
412  SDCC   2867 (73.892%) !!!	4
413  SGIH   2872 (74.021%) !!!	4
414  SGHA   2872 (74.021%) !!!	4
415  SJC    2872 (74.021%) !!!	4
416  SDGJ   2879 (74.201%) !!!	4
417  SGFB   2880 (74.227%) !!!	4
418  SIB    2875 (74.098%) !!!	4
419  SI     2840 (73.196%) !!!	4
420  SJCH   2871 (73.995%) !!!	4
421  SHCB   2877 (74.149%) !!!	4
422  SJFE   2875 (74.098%) !!!	4
423  SJHA   2872 (74.021%) !!!	4
424  SFHE   2875 (74.098%) !!!	4
425  SHIE   2875 (74.098%) !!!	4
426  SIHA   2878 (74.175%) !!!	4
427  SBJI   2878 (74.175%) !!!	4
428  SEBB   2878 (74.175%) !!!	4
429  SGFG   2878 (74.175%) !!!	4
430  SDHD   2878 (74.175%) !!!	4
431  SBEA   2883 (74.304%) !!!	4
432  SCIJ   2881 (74.253%) !!!	4
433  SHIA   2880 (74.227%) !!!	4
434  SFGF   2875 (74.098%) !!!	4
435  SFAE   2876 (74.124%) !!!	4
436  SIBI   2870 (73.969%) !!!	4
437  SDDJ   2880 (74.227%) !!!	4
438  SEBD   2880 (74.227%) !!!	4
439  SIJJ   2881 (74.253%) !!!	4
440  SFEI   2879 (74.201%) !!!	4
441  SCCE   2879 (74.201%) !!!	4
442  SCEI   2876 (74.124%) !!!	4
443  SDGE   2874 (74.072%) !!!	4
444  SCBJ   2878 (74.175%) !!!	4
445  SFCC   2881 (74.253%) !!!	4
446  SFEE   2868 (73.918%) !!!	4
447  SIJF   2873 (74.046%) !!!	4
448  SEIJ   2874 (74.072%) !!!	4
449  SFDA   2873 (74.046%) !!!	4
450  SBIB   2875 (74.098%) !!!	4
451  SCGE   2875 (74.098%) !!!	4
452  SBE    2875 (74.098%) !!!	4
453  SHGD   2874 (74.072%) !!!	4
454  SFC    2874 (74.072%) !!!	4
455  SFJG   2874 (74.072%) !!!	4
456  SGCE   2875 (74.098%) !!!	4
457  SJJJ   2875 (74.098%) !!!	4
458  SGDF   2875 (74.098%) !!!	4
459  SHJB   2877 (74.149%) !!!	4
460  SEHE   2877 (74.149%) !!!	4
461  SDBC   2871 (73.995%) !!!	4
462  SHDI   2870 (73.969%) !!!	4
463  SBID   2871 (73.995%) !!!	4
464  SIIH   2869 (73.943%) !!!	4
465  SBCC   2873 (74.046%) !!!	4
466  SHEI   2871 (73.995%) !!!	4
467  SHFA   2871 (73.995%) !!!	4
468  SHHD   2871 (73.995%) !!!	4
469  SBJE   2871 (73.995%) !!!	4
470  SHIC   2871 (73.995%) !!!	4
471  SGAI   2867 (73.892%) !!!	4
472  SBDH   2868 (73.918%) !!!	4
473  SIBB   2868 (73.918%) !!!	4
474  SBCH   2868 (73.918%) !!!	4
475  SEEF   2868 (73.918%) !!!	4
476  SFEH   2871 (73.995%) !!!	4
477  SDIA   2862 (73.763%) !!!	4
478  SHEH   2869 (73.943%) !!!	4
479  SJGD   2862 (73.763%) !!!	4
480  SEH    2875 (74.098%) !!!	4
481  SDDB   2875 (74.098%) !!!	4
482  SCFJ   2873 (74.046%) !!!	4
483  SHE    2873 (74.046%) !!!	4
484  SGII   2873 (74.046%) !!!	4
485  SF     2873 (74.046%) !!!	4
486  SBFH   2873 (74.046%) !!!	4
487  SBJG   2874 (74.072%) !!!	4
488  SGBF   2878 (74.175%) !!!	4
489  SBII   2879 (74.201%) !!!	4
490  SFBD   2877 (74.149%) !!!	4
491  SBDA   2880 (74.227%) !!!	4
492  SFJB   2875 (74.098%) !!!	4
493  SICG   2875 (74.098%) !!!	4
494  SCI    2875 (74.098%) !!!	4
495  SDGF   2870 (73.969%) !!!	4
496  SEHA   2870 (73.969%) !!!	4
497  SCDG   2870 (73.969%) !!!	4
498  SEG    2870 (73.969%) !!!	4
499  SJIC   2870 (73.969%) !!!	4
500  SFEG   2857 (73.634%) !!!	4
501  SCAJ   2872 (74.021%) !!!	4
502  SDJE   2870 (73.969%) !!!	4
503  SJJI   2870 (73.969%) !!!	4
504  SGJD   2870 (73.969%) !!!	4
505  SECD   2870 (73.969%) !!!	4
506  SIFB   2861 (73.737%) !!!	4
507  SEDI   2864 (73.814%) !!!	4
508  SCIC   2864 (73.814%) !!!	4
509  SDBA   2864 (73.814%) !!!	4
510  SBEH   2860 (73.711%) !!!	4
511  SBGD   2860 (73.711%) !!!	4
512  SDAE   2837 (73.119%) !!!	4
513  SHGG   2863 (73.789%) !!!	4
514  SJBD   2876 (74.124%) !!!	4
515  SGE    2877 (74.149%) !!!	4
516  SEJJ   2878 (74.175%) !!!	4
517  SCJF   2879 (74.201%) !!!	4
518  SHEC   2864 (73.814%) !!!	4
519  SBDC   2879 (74.201%) !!!	4
520  SIFC   2876 (74.124%) !!!	4
521  SEED   2874 (74.072%) !!!	4
522  SGDG   2874 (74.072%) !!!	4
523  SDBE   2860 (73.711%) !!!	4
524  SGAG   2867 (73.892%) !!!	4
525  SGEH   2870 (73.969%) !!!	4
526  SEAA   2868 (73.918%) !!!	4
527  SIGC   2875 (74.098%) !!!	4
528  SHGB   2880 (74.227%) !!!	4
529  SBJJ   2880 (74.227%) !!!	4
530  SCHC   2880 (74.227%) !!!	4
531  SFIB   2879 (74.201%) !!!	4
532  SEEE   2880 (74.227%) !!!	4
533  SIC    2883 (74.304%) !!!	4
534  SEGF   2882 (74.278%) !!!	4
535  SIHB   2885 (74.356%) !!!	4
536  SBGA   2884 (74.330%) !!!	4
537  SBEG   2885 (74.356%) !!!	4
538  SFAI   2885 (74.356%) !!!	4
539  SGCJ   2874 (74.072%) !!!	4
540  SJGC   2877 (74.149%) !!!	4
541  SIA    2861 (73.737%) !!!	4
542  SIDJ   2861 (73.737%) !!!	4
543  SH     2879 (74.201%) !!!	4
544  SBIA   2879 (74.201%) !!!	4
545  SHBA   2878 (74.175%) !!!	4
546  SFFB   2875 (74.098%) !!!	4
547  SBJC   2876 (74.124%) !!!	4
548  SFFE   2871 (73.995%) !!!	4
549  SE     2882 (74.278%) !!!	4
550  SCEE   2885 (74.356%) !!!	4
551  SJCG   2885 (74.356%) !!!	4
552  SHDG   2888 (74.433%) !!!	4
553  SBDI   2889 (74.459%) !!!	4
554  SCBB   2881 (74.253%) !!!	4
555  SIGI   2881 (74.253%) !!!	4
556  SFCI   2881 (74.253%) !!!	4
557  SGBI   2888 (74.433%) !!!	4
558  SDHC   2887 (74.407%) !!!	4
559  SHHE   2887 (74.407%) !!!	4
560  SCHE   2887 (74.407%) !!!	4
561  SFEB   2882 (74.278%) !!!	4
562  SBAD   2883 (74.304%) !!!	4
563  SEFE   2885 (74.356%) !!!	4
564  SEGI   2890 (74.485%) !!!	4
565  SDHJ   2886 (74.381%) !!!	4
566  SJAB   2886 (74.381%) !!!	4
567  SICE   2887 (74.407%) !!!	4
568  SGAF   2891 (74.510%) !!!	4
569  SJAG   2890 (74.485%) !!!	4
570  SDJG   2890 (74.485%) !!!	4
571  SJIA   2890 (74.485%) !!!	4
572  SFDF   2888 (74.433%) !!!	4
573  SJHE   2890 (74.485%) !!!	4
574  SGHI   2888 (74.433%) !!!	4
575  SHJE   2878 (74.175%) !!!	4
576  SJBI   2878 (74.175%) !!!	4
577  SDAF   2874 (74.072%) !!!	4
578  SEAE   2889 (74.459%) !!!	4
579  SCAI   2873 (74.046%) !!!	4
580  SEIB   2873 (74.046%) !!!	4
581  SBEF   2888 (74.433%) !!!	4
582  SEGA   2888 (74.433%) !!!	4
583  SED    2890 (74.485%) !!!	4
584  SHDJ   2883 (74.304%) !!!	4
585  SFBA   2890 (74.485%) !!!	4
586  SJIF   2892 (74.536%) !!!	4
587  SDG    2892 (74.536%) !!!	4
588  SJJE   2891 (74.510%) !!!	4
589  SCE    2888 (74.433%) !!!	4
590  SHBC   2888 (74.433%) !!!	4
591  SEAC   2861 (73.737%) !!!	4
592  SHJF   2891 (74.510%) !!!	4
593  SHCG   2891 (74.510%) !!!	4
594  SIHC   2891 (74.510%) !!!	4
595  SCC    2892 (74.536%) !!!	4
596  SEEI   2892 (74.536%) !!!	4
597  SDD    2892 (74.536%) !!!	4
598  SJGA   2892 (74.536%) !!!	4
599  SFBB   2892 (74.536%) !!!	4
600  SGFE   2891 (74.510%) !!!	4
601  SIAD   2891 (74.510%) !!!	4
602  SDEC   2891 (74.510%) !!!	4
603  SCDA   2862 (73.763%) !!!	4
604  SDHF   2866 (73.866%) !!!	4
605  SJHF   2866 (73.866%) !!!	4
606  SDGI   2870 (73.969%) !!!	4
607  SDJH   2895 (74.613%) !!!	4
608  SEHG   2893 (74.562%) !!!	4
609  SBCG   2878 (74.175%) !!!	4
610  SCCJ   2878 (74.175%) !!!	4
611  SGGE   2882 (74.278%) !!!	4
612  SEF    2868 (73.918%) !!!	4
613  SJEI   2869 (73.943%) !!!	4
614  SIIE   2867 (73.892%) !!!	4
615  SGIJ   2864 (73.814%) !!!	4
616  SEJB   2870 (73.969%) !!!	4
617  SDBG   2872 (74.021%) !!!	4
618  SCJE   2860 (73.711%) !!!	4
619  SEJI   2860 (73.711%) !!!	4
620  SDEI   2860 (73.711%) !!!	4
621  SDI    2860 (73.711%) !!!	4
622  SGCI   2869 (73.943%) !!!	4
623  SEIA   2848 (73.402%) !!!	4
624  SECC   2848 (73.402%) !!!	4
625  SGIF   2873 (74.046%) !!!	4
626  SFCA   2871 (73.995%) !!!	4
627  SGB    2883 (74.304%) !!!	4
628  SFBC   2883 (74.304%) !!!	4
629  SJHC   2885 (74.356%) !!!	4
630  SFHD   2887 (74.407%) !!!	4
631  SIEI   2888 (74.433%) !!!	4
632  SID    2888 (74.433%) !!!	4
633  SCAE   2889 (74.459%) !!!	4
634  SDEJ   2890 (74.485%) !!!	4
635  SJGB   2889 (74.459%) !!!	4
636  SJFH   2889 (74.459%) !!!	4
637  SEAI   2889 (74.459%) !!!	4
638  SFGJ   2889 (74.459%) !!!	4
639  SJDE   2891 (74.510%) !!!	4
640  SEHI   2891 (74.510%) !!!	4
641  SGHG   2891 (74.510%) !!!	4
642  SFIG   2891 (74.510%) !!!	4
643  SHDA   2892 (74.536%) !!!	4
644  SCAC   2892 (74.536%) !!!	4
645  SHI    2894 (74.588%) !!!	4
646  SBAA   2886 (74.381%) !!!	4
647  SHG    2889 (74.459%) !!!	4
648  SJGG   2872 (74.021%) !!!	4
649  SIFI   2870 (73.969%) !!!	4
650  SHCF   2877 (74.149%) !!!	4
651  SFAH   2878 (74.175%) !!!	4
652  SICD   2883 (74.304%) !!!	4
653  SCAF   2878 (74.175%) !!!	4
654  SECE   2878 (74.175%) !!!	4
655  SFGE   2874 (74.072%) !!!	4
656  SBAI   2875 (74.098%) !!!	4
657  SBHI   2877 (74.149%) !!!	4
658  SGCC   2879 (74.201%) !!!	4
659  SJJC   2870 (73.969%) !!!	4
660  SHGH   2870 (73.969%) !!!	4
661  SICC   2870 (73.969%) !!!	4
662  SGCA   2870 (73.969%) !!!	4
663  SCHF   2872 (74.021%) !!!	4
664  SBAC   2877 (74.149%) !!!	4
665  SECA   2877 (74.149%) !!!	4
666  SFCE   2833 (73.015%) !!!	4
667  SIED   2880 (74.227%) !!!	4
668  SC     2881 (74.253%) !!!	4
669  SIJI   2881 (74.253%) !!!	4
670  SCEB   2883 (74.304%) !!!	4
671  SDCB   2882 (74.278%) !!!	4
672  SFGC   2882 (74.278%) !!!	4
673  SIEE   2886 (74.381%) !!!	4
674  SIAF   2884 (74.330%) !!!	4
675  SFAG   2884 (74.330%) !!!	4
676  SJBF   2887 (74.407%) !!!	4
677  SGFF   2888 (74.433%) !!!	4
678  SHJJ   2888 (74.433%) !!!	4
679  SBGJ   2888 (74.433%) !!!	4
680  SEBA   2888 (74.433%) !!!	4
681  SBFG   2888 (74.433%) !!!	4
682  SCG    2866 (73.866%) !!!	4
683  SECG   2866 (73.866%) !!!	4
684  SGHE   2870 (73.969%) !!!	4
685  SHBD   2852 (73.505%) !!!	4
686  SDIG   2870 (73.969%) !!!	4
687  SHIF   2872 (74.021%) !!!	4
688  SFDI   2876 (74.124%) !!!	4
689  SIJ    2875 (74.098%) !!!	4
690  SBAF   2875 (74.098%) !!!	4
691  SEGB   2875 (74.098%) !!!	4
692  SGJH   2875 (74.098%) !!!	4
693  SEBI   2872 (74.021%) !!!	4
694  SGFD   2875 (74.098%) !!!	4
695  SBJ    2875 (74.098%) !!!	4
696  SEA    2870 (73.969%) !!!	4
697  SJHD   2870 (73.969%) !!!	4
698  SEGD   2870 (73.969%) !!!	4
699  SGGF   2864 (73.814%) !!!	4
700  SEAJ   2874 (74.072%) !!!	4
701  SGAA   2871 (73.995%) !!!	4
702  SDFH   2871 (73.995%) !!!	4
703  SJDD   2871 (73.995%) !!!	4
704  SFD    2877 (74.149%) !!!	4
705  SFJA   2877 (74.149%) !!!	4
706  SCCI   2873 (74.046%) !!!	4
707  SCHG   2869 (73.943%) !!!	4
708  SFHH   2871 (73.995%) !!!	4
709  SGID   2871 (73.995%) !!!	4
710  SGJE   2856 (73.608%) !!!	4
711  SEJF   2874 (74.072%) !!!	4
712  SFJJ   2864 (73.814%) !!!	4
713  SFFA   2871 (73.995%) !!!	4
714  SJCE   2872 (74.021%) !!!	4
715  SIGD   2870 (73.969%) !!!	4
716  SHBG   2875 (74.098%) !!!	4
717  SBBF   2874 (74.072%) !!!	4
718  SBBH   2857 (73.634%) !!!	4
719  SJGF   2849 (73.428%) !!!	4
720  SDFC   2872 (74.021%) !!!	4
721  SJDF   2872 (74.021%) !!!	4
722  SBIH   2874 (74.072%) !!!	4
723  SIDG   2875 (74.098%) !!!	4
724  SJED   2874 (74.072%) !!!	4
725  SHFC   2874 (74.072%) !!!	4
726  SJCI   2874 (74.072%) !!!	4
727  SIFF   2874 (74.072%) !!!	4
728  SDCF   2875 (74.098%) !!!	4
729  SIHF   2874 (74.072%) !!!	4
730  SIAG   2875 (74.098%) !!!	4
731  SHEG   2875 (74.098%) !!!	4
732  SCHJ   2871 (73.995%) !!!	4
733  SJFB   2869 (73.943%) !!!	4
734  SFBG   2868 (73.918%) !!!	4
735  SHID   2863 (73.789%) !!!	4
736  SDII   2856 (73.608%) !!!	4
737  SDFJ   2871 (73.995%) !!!	4
738  SFIE   2872 (74.021%) !!!	4
739  SFB    2872 (74.021%) !!!	4
740  SJCJ   2873 (74.046%) !!!	4
741  SCDB   2875 (74.098%) !!!	4
742  SBCJ   2875 (74.098%) !!!	4
743  SJF    2873 (74.046%) !!!	4
744  SIGH   2872 (74.021%) !!!	4
745  SEDA   2869 (73.943%) !!!	4
746  SBAE   2871 (73.995%) !!!	4
747  SJFG   2873 (74.046%) !!!	4
748  SDFB   2868 (73.918%) !!!	4
749  SJHG   2867 (73.892%) !!!	4
750  SHD    2879 (74.201%) !!!	4
751  SEGG   2880 (74.227%) !!!	4
752  SBIG   2868 (73.918%) !!!	4
753  SGGD   2868 (73.918%) !!!	4
754  SDAG   2866 (73.866%) !!!	4
755  SJFJ   2867 (73.892%) !!!	4
756  SIIA   2861 (73.737%) !!!	4
757  SECH   2879 (74.201%) !!!	4
758  SBBD   2882 (74.278%) !!!	4
759  SIG    2884 (74.330%) !!!	4
760  SJJG   2885 (74.356%) !!!	4
761  SDDF   2887 (74.407%) !!!	4
762  SFGI   2876 (74.124%) !!!	4
763  SGAJ   2883 (74.304%) !!!	4
764  SCJB   2887 (74.407%) !!!	4
765  SDC    2887 (74.407%) !!!	4
766  SICI   2885 (74.356%) !!!	4
767  SHEJ   2882 (74.278%) !!!	4
768  SJHJ   2882 (74.278%) !!!	4
769  SCJA   2871 (73.995%) !!!	4
770  SCGC   2871 (73.995%) !!!	4
771  SFH    2867 (73.892%) !!!	4
772  SEHJ   2867 (73.892%) !!!	4
773  SEGC   2868 (73.918%) !!!	4
774  SBEC   2870 (73.969%) !!!	4
775  SBHH   2870 (73.969%) !!!	4
776  SBCD   2865 (73.840%) !!!	4
777  SIEH   2870 (73.969%) !!!	4
778  SHA    2869 (73.943%) !!!	4
779  SCBC   2864 (73.814%) !!!	4
780  SIBC   2870 (73.969%) !!!	4
781  SIIB   2863 (73.789%) !!!	4
782  SGJI   2868 (73.918%) !!!	4
783  SJAD   2868 (73.918%) !!!	4
784  SHCA   2868 (73.918%) !!!	4
785  SGHB   2867 (73.892%) !!!	4
786  SIDH   2865 (73.840%) !!!	4
787  SGEC   2861 (73.737%) !!!	4
788  SBBA   2861 (73.737%) !!!	4
789  SCJC   2861 (73.737%) !!!	4
790  SJJ    2845 (73.325%) !!!	4
791  SFAB   2847 (73.376%) !!!	4
792  SGBH   2845 (73.325%) !!!	4
793  SFHJ   2842 (73.247%) !!!	4
794  SIBD   2833 (73.015%) !!!	4
795  SFJF   2833 (73.015%) !!!	4
796  SGAH   2833 (73.015%) !!!	4
797  SEB    2833 (73.015%) !!!	4
798  SIHE   2825 (72.809%) !!!	4
799  SBGC   2824 (72.784%) !!!	4
800  SFHB   2824 (72.784%) !!!	4
801  SBAAA  2846 (73.351%) !!!	4
802  SDH    2844 (73.299%) !!!	4
803  SBCA   2844 (73.299%) !!!	4
804  SCCG   2844 (73.299%) !!!	4
805  SGFJ   2844 (73.299%) !!!	4
806  SCID   2845 (73.325%) !!!	4
807  SJEE   2847 (73.376%) !!!	4
808  SEID   2841 (73.222%) !!!	4
809  SBJD   2824 (72.784%) !!!	4
810  SJG    2841 (73.222%) !!!	4
811  SEDD   2846 (73.351%) !!!	4
812  SEGJ   2847 (73.376%) !!!	4
813  SHAG   2845 (73.325%) !!!	4
814  SBFC   2840 (73.196%) !!!	4
815  SGIG   2840 (73.196%) !!!	4
816  SJEJ   2847 (73.376%) !!!	4
817  SHJI   2848 (73.402%) !!!	4
818  SBFI   2828 (72.887%) !!!	4
819  SDEG   2830 (72.938%) !!!	4
820  SEFF   2828 (72.887%) !!!	4
821  SIII   2828 (72.887%) !!!	4
822  SFBI   2844 (73.299%) !!!	4
823  SIBF   2823 (72.758%) !!!	4
824  SIEA   2823 (72.758%) !!!	4
825  SCEJ   2823 (72.758%) !!!	4
826  SJDH   2840 (73.196%) !!!	4
827  SECJ   2828 (72.887%) !!!	4
828  SECI   2839 (73.170%) !!!	4
829  SDE    2833 (73.015%) !!!	4
830  SCBG   2832 (72.990%) !!!	4
831  SCBH   2833 (73.015%) !!!	4
832  SCFA   2844 (73.299%) !!!	4
833  SFCH   2841 (73.222%) !!!	4
834  SIJA   2848 (73.402%) !!!	4
835  SCFH   2848 (73.402%) !!!	4
836  SHJD   2848 (73.402%) !!!	4
837  SHIG   2848 (73.402%) !!!	4
838  SFFC   2851 (73.479%) !!!	4
839  SHCH   2843 (73.273%) !!!	4
840  SFJH   2834 (73.041%) !!!	4
841  SBDJ   2843 (73.273%) !!!	4
842  SIFH   2843 (73.273%) !!!	4
843  SFAC   2843 (73.273%) !!!	4
844  SCAG   2838 (73.144%) !!!	4
845  SEFB   2843 (73.273%) !!!	4
846  SDJB   2843 (73.273%) !!!	4
847  SCDF   2830 (72.938%) !!!	4
848  SGG    2844 (73.299%) !!!	4
849  SFHF   2844 (73.299%) !!!	4
850  SBH    2843 (73.273%) !!!	4
851  SCEH   2833 (73.015%) !!!	4
852  SJCA   2839 (73.170%) !!!	4
853  SGEE   2844 (73.299%) !!!	4
854  SIDA   2842 (73.247%) !!!	4
855  SJDI   2842 (73.247%) !!!	4
856  SBHC   2843 (73.273%) !!!	4
857  SJII   2846 (73.351%) !!!	4
858  SFHG   2845 (73.325%) !!!	4
859  SBA    2842 (73.247%) !!!	4
860  SFJC   2832 (72.990%) !!!	4
861  SDHI   2832 (72.990%) !!!	4
862  SEE    2824 (72.784%) !!!	4
863  SHFB   2833 (73.015%) !!!	4
864  SCGF   2839 (73.170%) !!!	4
865  SBIF   2846 (73.351%) !!!	4
866  SHFH   2845 (73.325%) !!!	4
867  SHHA   2845 (73.325%) !!!	4
868  SHDH   2830 (72.938%) !!!	4
869  SGJC   2842 (73.247%) !!!	4
870  SCDD   2834 (73.041%) !!!	4
871  SHGJ   2842 (73.247%) !!!	4
872  SIBE   2843 (73.273%) !!!	4
873  SBCI   2846 (73.351%) !!!	4
874  SCGD   2846 (73.351%) !!!	4
875  SBAB   2852 (73.505%) !!!	4
876  SIGF   2852 (73.505%) !!!	4
877  SJDG   2851 (73.479%) !!!	4
878  SDB    2852 (73.505%) !!!	4
879  SCJH   2852 (73.505%) !!!	4
880  SIJB   2853 (73.531%) !!!	4
881  SICB   2853 (73.531%) !!!	4
882  SHB    2850 (73.454%) !!!	4
883  SJBA   2850 (73.454%) !!!	4
884  SHBH   2845 (73.325%) !!!	4
885  SGHF   2849 (73.428%) !!!	4
886  SCII   2849 (73.428%) !!!	4
887  SIEB   2851 (73.479%) !!!	4
888  SCBI   2851 (73.479%) !!!	4
889  SIIJ   2852 (73.505%) !!!	4
890  SJAI   2851 (73.479%) !!!	4
891  SGEA   2851 (73.479%) !!!	4
892  SHAA   2822 (72.732%) !!!	4
893  SHHH   2845 (73.325%) !!!	4
894  SEHC   2845 (73.325%) !!!	4
895  SFHC   2846 (73.351%) !!!	4
896  SDAJ   2842 (73.247%) !!!	4
897  SBAG   2840 (73.196%) !!!	4
898  SDDA   2840 (73.196%) !!!	4
899  SGH    2844 (73.299%) !!!	4
900  SBB    2844 (73.299%) !!!	4
901  SHFG   2848 (73.402%) !!!	4
902  SIF    2851 (73.479%) !!!	4
903  SHGC   2851 (73.479%) !!!	4
904  SGDE   2847 (73.376%) !!!	4
905  SEAF   2847 (73.376%) !!!	4
906  SFAA   2858 (73.660%) !!!	4
907  SIFD   2858 (73.660%) !!!	4
908  SGIC   2857 (73.634%) !!!	4
909  SDAD   2843 (73.273%) !!!	4
910  SJIE   2843 (73.273%) !!!	4
911  SECB   2843 (73.273%) !!!	4
912  SJI    2852 (73.505%) !!!	4
913  SEDH   2852 (73.505%) !!!	4
914  SEGH   2854 (73.557%) !!!	4
915  SECF   2850 (73.454%) !!!	4
916  SEBC   2846 (73.351%) !!!	4
917  SCCD   2852 (73.505%) !!!	4
918  SDBD   2856 (73.608%) !!!	4
919  SFHA   2856 (73.608%) !!!	4
920  SHIJ   2856 (73.608%) !!!	4
921  SCDH   2856 (73.608%) !!!	4
922  SJHB   2850 (73.454%) !!!	4
923  SBHJ   2850 (73.454%) !!!	4
924  SEDE   2855 (73.582%) !!!	4
925  SEEJ   2853 (73.531%) !!!	4
926  SEHD   2852 (73.505%) !!!	4
927  SGBG   2858 (73.660%) !!!	4
928  SJJA   2858 (73.660%) !!!	4
929  SDCH   2858 (73.660%) !!!	4
930  SGGJ   2859 (73.686%) !!!	4
931  SCFI   2859 (73.686%) !!!	4
932  SHAH   2852 (73.505%) !!!	4
933  SJGH   2859 (73.686%) !!!	4
934  SDJA   2866 (73.866%) !!!	4
935  SEIE   2871 (73.995%) !!!	4
936  SEFD   2865 (73.840%) !!!	4
937  SBED   2868 (73.918%) !!!	4
938  SHH    2874 (74.072%) !!!	4
939  SIFG   2879 (74.201%) !!!	4
940  SIE    2879 (74.201%) !!!	4
941  SDCG   2879 (74.201%) !!!	4
942  SEBH   2879 (74.201%) !!!	4
943  SDHA   2878 (74.175%) !!!	4
944  SDA    2878 (74.175%) !!!	4
945  SCF    2878 (74.175%) !!!	4
946  SCHB   2874 (74.072%) !!!	4
947  SBGI   2868 (73.918%) !!!	4
948  SFFG   2874 (74.072%) !!!	4
949  SBGE   2873 (74.046%) !!!	4
950  SFJD   2872 (74.021%) !!!	4
951  SJDC   2878 (74.175%) !!!	4
952  SBBB   2867 (73.892%) !!!	4
953  SHDF   2873 (74.046%) !!!	4
954  SFHI   2873 (74.046%) !!!	4
955  SEHH   2878 (74.175%) !!!	4
956  SEGE   2877 (74.149%) !!!	4
957  SHAJ   2877 (74.149%) !!!	4
958  SFCJ   2877 (74.149%) !!!	4
959  SHIB   2858 (73.660%) !!!	4
960  SJA    2859 (73.686%) !!!	4
961  SJGJ   2858 (73.660%) !!!	4
962  SJB    2873 (74.046%) !!!	4
963  SFCB   2874 (74.072%) !!!	4
964  SBF    2874 (74.072%) !!!	4
965  SIJH   2882 (74.278%) !!!	4
966  SHHB   2863 (73.789%) !!!	4
967  SGJ    2871 (73.995%) !!!	4
968  SEDC   2871 (73.995%) !!!	4
969  SBJA   2877 (74.149%) !!!	4
970  SEBF   2877 (74.149%) !!!	4
971  SDFE   2878 (74.175%) !!!	4
972  SCIG   2883 (74.304%) !!!	4
973  SEJC   2880 (74.227%) !!!	4
974  SCGA   2881 (74.253%) !!!	4
975  SJFA   2882 (74.278%) !!!	4
976  SJAE   2882 (74.278%) !!!	4
977  SGDD   2859 (73.686%) !!!	4
978  SGA    2863 (73.789%) !!!	4
979  SCJI   2863 (73.789%) !!!	4
980  SHCC   2863 (73.789%) !!!	4
981  SIAJ   2877 (74.149%) !!!	4
982  SIGJ   2877 (74.149%) !!!	4
983  SHHC   2864 (73.814%) !!!	4
984  SFIJ   2863 (73.789%) !!!	4
985  SGJB   2863 (73.789%) !!!	4
986  SFCD   2864 (73.814%) !!!	4
987  SDED   2850 (73.454%) !!!	4
988  SJJD   2864 (73.814%) !!!	4
989  SGD    2864 (73.814%) !!!	4
990  SGDI   2866 (73.866%) !!!	4
991  SHAF   2864 (73.814%) !!!	4
992  SCHH   2865 (73.840%) !!!	4
993  SJBB   2865 (73.840%) !!!	4
994  SBEJ   2865 (73.840%) !!!	4
995  SDFD   2870 (73.969%) !!!	4
996  SDDG   2866 (73.866%) !!!	4
997  SBDG   2866 (73.866%) !!!	4
998  SDGH   2858 (73.660%) !!!	4
999  SHED   2866 (73.866%) !!!	4
1000 SBJF   2866 (73.866%) !!!	4
WARNING: 1000 sequences contain more than 50% gaps/ambiguity
**** TOTAL  2867105 (73.894%)
Time for parsimony tree construction: 53.039 seconds
Parsimony score: 313688
Reordering patterns in alignment by decreasing order of pattern parsimony... 0.040 seconds
NOTE: 1 identical sequences will be ignored during tree search

Create initial parsimony tree by phylogenetic likelihood library (PLL)... 1.105 seconds

NOTE: 470.750 MB RAM is required!
Current best tree score: 311344

Generating 99 parsimony trees... (0 duplicated parsimony trees)
CPU time: 114
Finish initializing candidate tree set. Number of distinct locally optimal trees: 100
Current best score: 311024 / CPU time: 114

Time: 0h:2m:12s
BETTER TREE FOUND at iteration 5: 311012 / CPU time: 120s

RATCHET Iteration 10 / Score: 311060 / Time: 0h:2m:19s
BETTER TREE FOUND at iteration 13: 310992 / CPU time: 125s

RATCHET Iteration 20 / Score: 311024 / Time: 0h:2m:27s (2h:6m:53s left)
BETTER TREE FOUND at iteration 27: 310978 / CPU time: 134s

RATCHET Iteration 30 / Score: 311011 / Time: 0h:2m:34s (1h:27m:18s left)
RATCHET Iteration 40 / Score: 310992 / Time: 0h:2m:39s (1h:6m:43s left)
RATCHET Iteration 50 / Score: 311005 / Time: 0h:2m:46s (0h:54m:44s left)
